<?xml version="1.0" encoding="UTF-8"?>
<testsuite xmlns:xsi="http://www.w3.org/2001/XMLSchema-instance" xsi:noNamespaceSchemaLocation="https://maven.apache.org/surefire/maven-failsafe-plugin/xsd/failsafe-test-report-3.0.xsd" version="3.0" name="ApiProductoV1.base.EliminarProductoFallidoTest" time="0.211" tests="1" errors="0" skipped="0" failures="0">
  <properties>
[...]
</properties>
  <testcase name="eliminarProducto" classname="ApiProductoV1.base.EliminarProductoFallidoTest" time="0.189">
    <system-out><![CDATA[19:38:51.298 [main] DEBUG net.thucydides.core.steps.StepEventBus - Test suite started for Requisito 6. Eliminar un producto Fallido previamente creado usando la api /api/v1/product/ in class ApiProductoV1.base.EliminarProductoFallidoTest
19:38:51.298 [main] INFO  - Test Suite Started: Requisito 6. Eliminar un producto Fallido previamente creado usando la api /api/v1/product/
19:38:51.309 [main] DEBUG net.thucydides.core.steps.StepEventBus - Test suite started for Requisito 6. Eliminar un producto Fallido previamente creado usando la api /api/v1/product/ in class ApiProductoV1.base.EliminarProductoFallidoTest
19:38:51.309 [main] INFO  - Test Suite Started: Requisito 6. Eliminar un producto Fallido previamente creado usando la api /api/v1/product/
19:38:51.310 [main] DEBUG net.serenitybdd.junit5.SerenityTestExecutionListener - Thread[#1,main,5,main] Test started TestIdentifier [uniqueId = [engine:junit-jupiter]/[class:ApiProductoV1.base.EliminarProductoFallidoTest]/[method:eliminarProducto()], parentId = [engine:junit-jupiter]/[class:ApiProductoV1.base.EliminarProductoFallidoTest], displayName = 'Eliminar un producto previamente creado de manera exitosa', legacyReportingName = 'eliminarProducto()', source = MethodSource [className = 'ApiProductoV1.base.EliminarProductoFallidoTest', methodName = 'eliminarProducto', methodParameterTypes = ''], tags = [], type = TEST]
19:38:51.312 [main] INFO  - 
  _____   ___   ___   _____     ___   _____     _     ___   _____   ___   ___  
 |_   _| | __| / __| |_   _|   / __| |_   _|   /_\   | _ \ |_   _| | __| |   \ 
   | |   | _|  \__ \   | |     \__ \   | |    / _ \  |   /   | |   | _|  | |) |
   |_|   |___| |___/   |_|     |___/   |_|   /_/ \_\ |_|_\   |_|   |___| |___/ 

Eliminar un producto previamente creado de manera exitosa([engine:junit-jupiter]/[class:ApiProductoV1.base.EliminarProductoFallidoTest]/[method:eliminarProducto()])
--------------------------------------------------------------------------------
19:38:51.318 [main] DEBUG net.thucydides.core.steps.StepInterceptor - STARTING STEP: EliminarProductoFallidoTest.eliminarProducto - {0} executes a POST on the resource #resource
Request method:	POST
Request URI:	http://localhost:8080/api/v1/product/
Proxy:			<none>
Request params:	<none>
Query params:	<none>
Form params:	<none>
Path params:	<none>
Headers:		Accept=application/json, application/javascript, text/javascript, text/json
				User-Agent=JBEnteprise
				Authorization=Bearer aGFzaGRzZnNkZnNkZnNkZnNk
				Content-Type=application/json
Cookies:		<none>
Multiparts:		<none>
Body:
{
    "name": "Iphone 3000",
    "description": "Teelfono de alta gama",
    "price": 3500.0
}
19:38:51.344 [main] DEBUG net.thucydides.core.steps.StepInterceptor - STEP DONE: {0} executes a POST on the resource #resource
19:38:51.446 [main] DEBUG net.thucydides.core.steps.StepInterceptor - STARTING STEP: EliminarProductoFallidoTest.eliminarProducto - {0} executes a DELETE on the resource #resource
Request method:	DELETE
Request URI:	http://localhost:8080/api/v1/product/%5Bsku%3A38b4a5bd-f38d-45fd-8369-d04a39799a0a%2C%20status%3Atrue%2C%20message%3AEl%20producto%20fue%20creado%20con%20%C3%A9xito%21%5D/
Proxy:			<none>
Request params:	<none>
Query params:	<none>
Form params:	<none>
Path params:	sku=[sku:38b4a5bd-f38d-45fd-8369-d04a39799a0a, status:true, message:El producto fue creado con éxito!]
Headers:		Accept=application/json, application/javascript, text/javascript, text/json
				User-Agent=JBEnteprise
				Authorization=Bearer aGFzaGRzZnNkZnNkZnNkZnNk
				Content-Type=application/json
Cookies:		<none>
Multiparts:		<none>
Body:			<none>
19:38:51.475 [main] DEBUG net.thucydides.core.steps.StepInterceptor - STEP DONE: {0} executes a DELETE on the resource #resource
]]></system-out>
  </testcase>
</testsuite>